<?xml version="1.0" encoding="UTF-8"?>
<testsuite xmlns:xsi="http://www.w3.org/2001/XMLSchema-instance" xsi:noNamespaceSchemaLocation="https://maven.apache.org/surefire/maven-surefire-plugin/xsd/surefire-test-report.xsd" name="TestSuite" time="71.424" tests="21" errors="0" skipped="8" failures="4">
  <properties>
[...]
</properties>
  <testcase name="loadconfig" classname="com.selenium.Test.UIMainscript" time="2.508">
    <failure message="ERROR IN RETRIVING DATA FROM -- RootFolder" type="com.selenium.exception.PropertiesHandleException">com.selenium.exception.PropertiesHandleException: ERROR IN RETRIVING DATA FROM -- RootFolder
	at com.selenium.Test.UIMainscript.loadconfig(UIMainscript.java:49)
Caused by: com.selenium.exception.DatabaseException: PROBLEM WITH RESULT-SET OBTAINED FROM DB
	at com.selenium.Test.UIMainscript.loadconfig(UIMainscript.java:49)
Caused by: com.mysql.jdbc.exceptions.jdbc4.MySQLNonTransientConnectionException: No operations allowed after connection closed.
	at com.selenium.Test.UIMainscript.loadconfig(UIMainscript.java:49)
</failure>
    <system-out><![CDATA[...
... TestNG 6.8beta 20120825_1010 by C?dric Beust (cedric@beust.com)
...

AssistTest5......Started
AssistTest3......Started
AssistTest2......Started
AssistTest1......Started
AssistTest4......Started
NITICQuoteQAYcom.mysql.jdbc.Driverjdbc:mysql://192.168.84.225:3700/SeleniumConfigrootredhatchromeActual192.168.4.1314444
NITICQuoteQAYcom.mysql.jdbc.Driverjdbc:mysql://192.168.84.225:3700/SeleniumConfigrootredhatchromeActual192.168.4.1314444
NITICQuoteQAYcom.mysql.jdbc.Driverjdbc:mysql://192.168.84.225:3700/SeleniumConfigrootredhatchromeActual192.168.4.1314444
NITICQuoteQAYcom.mysql.jdbc.Driverjdbc:mysql://192.168.84.225:3700/SeleniumConfigrootredhatchromeActual192.168.4.1314444
NITICQuoteQAYcom.mysql.jdbc.Driverjdbc:mysql://192.168.84.225:3700/SeleniumConfigrootredhatchromeActual192.168.4.1314444
com.mysql.jdbc.Driverjdbc:mysql://192.168.84.225:3700/NITIC_UIqawrtieuserqawriteuser*1
]]></system-out>
  </testcase>
  <testcase name="loadconfig" classname="com.selenium.Test.UIMainscript" time="2.51">
    <failure message="ERROR IN RETRIVING DATA FROM -- MacroClassName" type="com.selenium.exception.PropertiesHandleException">com.selenium.exception.PropertiesHandleException: ERROR IN RETRIVING DATA FROM -- MacroClassName
	at com.selenium.Test.UIMainscript.loadconfig(UIMainscript.java:49)
Caused by: com.selenium.exception.DatabaseException: PROBLEM WITH RESULT-SET OBTAINED FROM DB
	at com.selenium.Test.UIMainscript.loadconfig(UIMainscript.java:49)
Caused by: com.mysql.jdbc.exceptions.jdbc4.CommunicationsException: 
Communications link failure

Last packet sent to the server was 2 ms ago.
	at com.selenium.Test.UIMainscript.loadconfig(UIMainscript.java:49)
Caused by: java.net.SocketException: Socket closed
	at com.selenium.Test.UIMainscript.loadconfig(UIMainscript.java:49)
</failure>
  </testcase>
  <testcase name="loadconfig" classname="com.selenium.Test.UIMainscript" time="2.51">
    <failure message="ERROR IN SQL - QUERY -- ComaparisonTableName" type="com.selenium.exception.PropertiesHandleException">com.selenium.exception.PropertiesHandleException: ERROR IN SQL - QUERY -- ComaparisonTableName
	at com.selenium.Test.UIMainscript.loadconfig(UIMainscript.java:49)
Caused by: com.selenium.exception.DatabaseException: PROBLEM WITH RESULT-SET OBTAINED FROM DB
	at com.selenium.Test.UIMainscript.loadconfig(UIMainscript.java:49)
Caused by: com.mysql.jdbc.exceptions.jdbc4.MySQLNonTransientConnectionException: No operations allowed after connection closed.
	at com.selenium.Test.UIMainscript.loadconfig(UIMainscript.java:49)
</failure>
  </testcase>
  <testcase name="loadconfig" classname="com.selenium.Test.UIMainscript" time="2.51">
    <failure message="ERROR IN RETRIVING DATA FROM -- DB_Password" type="com.selenium.exception.PropertiesHandleException">com.selenium.exception.PropertiesHandleException: ERROR IN RETRIVING DATA FROM -- DB_Password
	at com.selenium.Test.UIMainscript.loadconfig(UIMainscript.java:49)
Caused by: com.selenium.exception.DatabaseException: PROBLEM WITH RESULT-SET OBTAINED FROM DB
	at com.selenium.Test.UIMainscript.loadconfig(UIMainscript.java:49)
Caused by: com.mysql.jdbc.exceptions.jdbc4.MySQLNonTransientConnectionException: No operations allowed after connection closed.
	at com.selenium.Test.UIMainscript.loadconfig(UIMainscript.java:49)
</failure>
  </testcase>
  <testcase name="UITest" classname="com.selenium.Test.UIMainscript" time="0">
    <skipped message="java.lang.NullPointerException"/>
  </testcase>
  <testcase name="UITest" classname="com.selenium.Test.UIMainscript" time="0">
    <skipped message="java.lang.NullPointerException"/>
  </testcase>
  <testcase name="UITest" classname="com.selenium.Test.UIMainscript" time="0">
    <skipped message="java.lang.NullPointerException"/>
  </testcase>
  <testcase name="UITest" classname="com.selenium.Test.UIMainscript" time="0">
    <skipped message="java.lang.NullPointerException"/>
  </testcase>
  <testcase name="UITest" classname="com.selenium.Test.UIMainscript" time="10.159"/>
  <testcase name="UITest" classname="com.selenium.Test.UIMainscript" time="6.62"/>
  <testcase name="UITest" classname="com.selenium.Test.UIMainscript" time="3.814"/>
  <testcase name="UITest" classname="com.selenium.Test.UIMainscript" time="4.674"/>
  <testcase name="UITest" classname="com.selenium.Test.UIMainscript" time="3.599"/>
  <testcase name="UITest" classname="com.selenium.Test.UIMainscript" time="5.284"/>
  <testcase name="UITest" classname="com.selenium.Test.UIMainscript" time="3.683"/>
  <testcase name="UITest" classname="com.selenium.Test.UIMainscript" time="5.301"/>
  <testcase name="UITest" classname="com.selenium.Test.UIMainscript" time="4.481"/>
  <testcase name="close" classname="com.selenium.Test.UIMainscript" time="0">
    <skipped/>
    <system-out><![CDATA[UITest test has Skipped *****
UITest test has Skipped *****
]]></system-out>
  </testcase>
  <testcase name="close" classname="com.selenium.Test.UIMainscript" time="0">
    <skipped/>
    <system-out><![CDATA[UITest test has Skipped *****
]]></system-out>
  </testcase>
  <testcase name="close" classname="com.selenium.Test.UIMainscript" time="0">
    <skipped/>
    <system-out><![CDATA[UITest test has Skipped *****
]]></system-out>
  </testcase>
  <testcase name="close" classname="com.selenium.Test.UIMainscript" time="0">
    <skipped/>
  </testcase>
</testsuite>