<?xml version="1.0" encoding="UTF-8"?>
<!-- Generated by org.testng.reporters.JUnitXMLReporter -->
<testsuite hostname="C1128" name="AssistTest2" tests="9" failures="0" timestamp="21 Feb 2018 05:10:22 GMT" time="70.676" errors="0">
  <testcase name="UITest" time="10.16" classname="com.selenium.Test.UIMainscript"/>
  <testcase name="UITest" time="6.62" classname="com.selenium.Test.UIMainscript"/>
  <testcase name="UITest" time="3.815" classname="com.selenium.Test.UIMainscript"/>
  <testcase name="UITest" time="4.675" classname="com.selenium.Test.UIMainscript"/>
  <testcase name="UITest" time="3.599" classname="com.selenium.Test.UIMainscript"/>
  <testcase name="UITest" time="5.283" classname="com.selenium.Test.UIMainscript"/>
  <testcase name="UITest" time="3.683" classname="com.selenium.Test.UIMainscript"/>
  <testcase name="UITest" time="5.301" classname="com.selenium.Test.UIMainscript"/>
  <testcase name="UITest" time="4.48" classname="com.selenium.Test.UIMainscript"/>
</testsuite> <!-- AssistTest2 -->
