<?xml version="1.0" encoding="UTF-8"?>
<!-- Generated by org.testng.reporters.JUnitXMLReporter -->
<testsuite hostname="C1128" name="AssistTest4" tests="1" failures="0" timestamp="21 Feb 2018 05:09:13 GMT" time="2.251" errors="0">
  <testcase name="@BeforeTest loadconfig" time="0.0" classname="com.selenium.Test.UIMainscript">
    <failure type="com.selenium.exception.PropertiesHandleException" message="ERROR IN SQL - QUERY -- ComaparisonTableName">
      <![CDATA[com.selenium.exception.PropertiesHandleException: ERROR IN SQL - QUERY -- ComaparisonTableName
	at com.selenium.Configuration.PropertiesHandle.RdbmsQuery(PropertiesHandle.java:119)
	at com.selenium.Configuration.PropertiesHandle.WriteProperty(PropertiesHandle.java:101)
	at com.selenium.Configuration.PropertiesHandle.<init>(PropertiesHandle.java:73)
	at com.selenium.Test.UIMainscript.loadconfig(UIMainscript.java:49)
	at java.util.concurrent.FutureTask.run(FutureTask.java:266)
	at java.util.concurrent.ThreadPoolExecutor.runWorker(ThreadPoolExecutor.java:1142)
	at java.util.concurrent.ThreadPoolExecutor$Worker.run(ThreadPoolExecutor.java:617)
	at java.lang.Thread.run(Thread.java:745)
Caused by: com.selenium.exception.DatabaseException: PROBLEM WITH RESULT-SET OBTAINED FROM DB
	at com.selenium.SupportingClasses.DatabaseOperation.GetDataObjects(DatabaseOperation.java:121)
	at com.selenium.Configuration.PropertiesHandle.RdbmsQuery(PropertiesHandle.java:109)
	... 21 more
Caused by: com.mysql.jdbc.exceptions.jdbc4.MySQLNonTransientConnectionException: No operations allowed after connection closed.
	at com.mysql.jdbc.Util.handleNewInstance(Util.java:406)
	at com.mysql.jdbc.Util.getInstance(Util.java:381)
	at com.mysql.jdbc.SQLError.createSQLException(SQLError.java:984)
	at com.mysql.jdbc.SQLError.createSQLException(SQLError.java:956)
	at com.mysql.jdbc.SQLError.createSQLException(SQLError.java:926)
	at com.mysql.jdbc.ConnectionImpl.checkClosed(ConnectionImpl.java:1098)
	at com.mysql.jdbc.ConnectionImpl.versionMeetsMinimum(ConnectionImpl.java:5377)
	at com.mysql.jdbc.ConnectionImpl.serverSupportsConvertFn(ConnectionImpl.java:4801)
	at com.mysql.jdbc.StatementImpl.executeQuery(StatementImpl.java:1276)
	at com.selenium.SupportingClasses.DatabaseOperation.GetDataObjects(DatabaseOperation.java:102)
	... 22 more
... Removed 18 stack frames]]>
    </failure>
  </testcase> <!-- @BeforeTest loadconfig -->
  <testcase name="@AfterTest close" time="0.0" classname="com.selenium.Test.UIMainscript">
    <skipped/>
  </testcase> <!-- @AfterTest close -->
  <testcase name="UITest" time="0.003" classname="com.selenium.Test.UIMainscript">
    <skipped/>
  </testcase> <!-- UITest -->
</testsuite> <!-- AssistTest4 -->
